<?xml version="1.0" encoding="UTF-8"?>
<!-- Generated by org.testng.reporters.JUnitReportReporter -->
<testsuite hostname="Meeshos-MacBook-Pro.local" failures="0" tests="2" name="com.meesho.test.GetApi" time="1.522" errors="0" timestamp="2021-06-14T17:28:31 IST" skipped="0">
  <testcase classname="com.meesho.test.GetApi" name="getApi" time="1.471"/>
  <system-out/>
  <testcase classname="com.meesho.test.GetApi" name="getApiWithMultipleHeader" time="0.051"/>
  <system-out/>
</testsuite> <!-- com.meesho.test.GetApi -->
