<?xml version="1.0" encoding="UTF-8"?>
<!-- Generated by org.testng.reporters.JUnitReportReporter -->
<testsuite hostname="Meeshos-MacBook-Pro.local" failures="0" tests="4" name="com.meesho.test.PostApi" time="3.038" errors="0" timestamp="2021-06-14T17:28:31 IST" skipped="0">
  <testcase classname="com.meesho.test.PostApi" name="postApi" time="0.364"/>
  <system-out/>
  <testcase classname="com.meesho.test.PostApi" name="postApi" time="0.454"/>
  <system-out/>
  <testcase classname="com.meesho.test.PostApi" name="postApi" time="1.808"/>
  <system-out/>
  <testcase classname="com.meesho.test.PostApi" name="postApi" time="0.412"/>
  <system-out/>
</testsuite> <!-- com.meesho.test.PostApi -->
