<?xml version="1.0" encoding="UTF-8"?>
<!-- Generated by org.testng.reporters.JUnitReportReporter -->
<testsuite hostname="Meeshos-MacBook-Pro.local" failures="0" tests="1" name="com.meesho.test.PutApi" time="1.808" errors="0" timestamp="2021-06-14T17:28:31 IST" skipped="0">
  <testcase classname="com.meesho.test.PutApi" name="putApi" time="1.808"/>
  <system-out/>
</testsuite> <!-- com.meesho.test.PutApi -->
